0 info it worked if it ends with ok
1 verbose cli [ 'C:\\Program Files\\nodejs\\node.exe',
1 verbose cli   'C:\\Program Files\\nodejs\\node_modules\\npm\\bin\\npm-cli.js',
1 verbose cli   'run',
1 verbose cli   'mock' ]
2 info using npm@4.1.2
3 info using node@v7.7.4
4 verbose run-script [ 'premock', 'mock', 'postmock' ]
5 info lifecycle onlinejudge@0.2.1~premock: onlinejudge@0.2.1
6 silly lifecycle onlinejudge@0.2.1~premock: no script for premock, continuing
7 info lifecycle onlinejudge@0.2.1~mock: onlinejudge@0.2.1
8 verbose lifecycle onlinejudge@0.2.1~mock: unsafe-perm in lifecycle true
9 verbose lifecycle onlinejudge@0.2.1~mock: PATH: C:\Program Files\nodejs\node_modules\npm\bin\node-gyp-bin;C:\Users\轻柔细风翻书页\Desktop\onlinejudge-backend\node_modules\.bin;C:\Program Files (x86)\HP\NV\lib\shunra\vcat;C:\ProgramData\Oracle\Java\javapath;C:\Windows\system32;C:\Windows;C:\Windows\System32\Wbem;C:\Windows\System32\WindowsPowerShell\v1.0\;C:\Program Files (x86)\NVIDIA Corporation\PhysX\Common;：D:\Program Files\Java\jdk1.8.0_111\bin;;:\Android\sdk1\platform-tools;D:\Android\sdk1\tools;D:\Program Files (x86)\HP\LoadRunner\strawberry-perl\perl\bin;C:\Program Files (x86)\HP\NV\lib\thirdparty\safenet\LDK\7.0;C:\Program Files (x86)\HP\NV\lib\shunra\snv;D:\Program Files\Git\cmd;D:\Program Files (x86)\Yarn\bin;C:\Program Files\nodejs\;D:\Program Files (x86)\QuickTime\QTSystem\;D:\Program Files (x86)\Microsoft VS Code\bin;C:\Users\轻柔细风翻书页\AppData\Local\Yarn\.bin;C:\Users\轻柔细风翻书页\AppData\Roaming\npm
10 verbose lifecycle onlinejudge@0.2.1~mock: CWD: C:\Users\轻柔细风翻书页\Desktop\onlinejudge-backend
11 silly lifecycle onlinejudge@0.2.1~mock: Args: [ '/d /s /c', 'mocha ./tasks/mock.js --timeout=60000' ]
12 silly lifecycle onlinejudge@0.2.1~mock: Returned: code: 1  signal: null
13 info lifecycle onlinejudge@0.2.1~mock: Failed to exec mock script
14 verbose stack Error: onlinejudge@0.2.1 mock: `mocha ./tasks/mock.js --timeout=60000`
14 verbose stack Exit status 1
14 verbose stack     at EventEmitter.<anonymous> (C:\Program Files\nodejs\node_modules\npm\lib\utils\lifecycle.js:279:16)
14 verbose stack     at emitTwo (events.js:106:13)
14 verbose stack     at EventEmitter.emit (events.js:194:7)
14 verbose stack     at ChildProcess.<anonymous> (C:\Program Files\nodejs\node_modules\npm\lib\utils\spawn.js:40:14)
14 verbose stack     at emitTwo (events.js:106:13)
14 verbose stack     at ChildProcess.emit (events.js:194:7)
14 verbose stack     at maybeClose (internal/child_process.js:899:16)
14 verbose stack     at Process.ChildProcess._handle.onexit (internal/child_process.js:226:5)
15 verbose pkgid onlinejudge@0.2.1
16 verbose cwd C:\Users\轻柔细风翻书页\Desktop\onlinejudge-backend
17 error Windows_NT 10.0.10586
18 error argv "C:\\Program Files\\nodejs\\node.exe" "C:\\Program Files\\nodejs\\node_modules\\npm\\bin\\npm-cli.js" "run" "mock"
19 error node v7.7.4
20 error npm  v4.1.2
21 error code ELIFECYCLE
22 error onlinejudge@0.2.1 mock: `mocha ./tasks/mock.js --timeout=60000`
22 error Exit status 1
23 error Failed at the onlinejudge@0.2.1 mock script 'mocha ./tasks/mock.js --timeout=60000'.
23 error Make sure you have the latest version of node.js and npm installed.
23 error If you do, this is most likely a problem with the onlinejudge package,
23 error not with npm itself.
23 error Tell the author that this fails on your system:
23 error     mocha ./tasks/mock.js --timeout=60000
23 error You can get information on how to open an issue for this project with:
23 error     npm bugs onlinejudge
23 error Or if that isn't available, you can get their info via:
23 error     npm owner ls onlinejudge
23 error There is likely additional logging output above.
24 verbose exit [ 1, true ]
